0 info it worked if it ends with ok
1 verbose cli [ 'node', '/usr/local/bin/npm', 'install', '-g', 'npm' ]
2 info using npm@1.3.2
3 info using node@v0.10.13
4 verbose cache add [ 'npm', null ]
5 verbose cache add name=undefined spec="npm" args=["npm",null]
6 verbose parsed url { protocol: null,
6 verbose parsed url   slashes: null,
6 verbose parsed url   auth: null,
6 verbose parsed url   host: null,
6 verbose parsed url   port: null,
6 verbose parsed url   hostname: null,
6 verbose parsed url   hash: null,
6 verbose parsed url   search: null,
6 verbose parsed url   query: null,
6 verbose parsed url   pathname: 'npm',
6 verbose parsed url   path: 'npm',
6 verbose parsed url   href: 'npm' }
7 silly lockFile 660051d1-npm npm
8 verbose lock npm /Users/cash/.npm/660051d1-npm.lock
9 silly lockFile 660051d1-npm npm
10 verbose addNamed [ 'npm', '' ]
11 verbose addNamed [ null, '*' ]
12 silly lockFile 2f990b75-npm npm@
13 verbose lock npm@ /Users/cash/.npm/2f990b75-npm.lock
14 silly lockFile 2f990b75-npm npm@
15 error Error: EACCES, open '/Users/cash/.npm/2f990b75-npm.lock'
15 error  { [Error: EACCES, open '/Users/cash/.npm/2f990b75-npm.lock']
15 error   errno: 3,
15 error   code: 'EACCES',
15 error   path: '/Users/cash/.npm/2f990b75-npm.lock' }
16 error Please try running this command again as root/Administrator.
17 error System Darwin 14.3.0
18 error command "node" "/usr/local/bin/npm" "install" "-g" "npm"
19 error cwd /Applications/MAMP/htdocs/JourEtMenu
20 error node -v v0.10.13
21 error npm -v 1.3.2
22 error path /Users/cash/.npm/2f990b75-npm.lock
23 error code EACCES
24 error errno 3
25 error stack Error: EACCES, open '/Users/cash/.npm/2f990b75-npm.lock'
26 verbose exit [ 3, true ]
